<?xml version="1.0" encoding="UTF-8"?>
<!-- Generated by org.testng.reporters.JUnitReportReporter -->
<testsuite skipped="0" hostname="A2ML17103" name="com.random.tests.GenerateNumberTest" tests="1" failures="0" timestamp="25 May 2019 05:50:48 GMT" time="18.807" errors="0">
  <testcase name="tc001_generatenumber" time="18.807" classname="com.random.tests.GenerateNumberTest"/>
</testsuite> <!-- com.random.tests.GenerateNumberTest -->
